Added Component: Designator=buttery(HDR1X2)
Added Component: Designator=butt(HDR1X2)
Added Component: Designator=C1(CAPR5-4X5)
Added Component: Designator=D1(LED-0)
Added Component: Designator=LS1(ABSM-1574)
Added Component: Designator=Q122(TIP122)
Added Component: Designator=Q127(TIP127)
Added Component: Designator=R1(AXIAL-0.3)
Added Component: Designator=R2(AXIAL-0.3)
Added Component: Designator=R3(AXIAL-0.3)
Added Component: Designator=U1(555)
Added Pin To Net: NetName=GND Pin=buttery-2
Added Pin To Net: NetName=GND Pin=C1-2
Added Pin To Net: NetName=GND Pin=LS1-2
Added Pin To Net: NetName=GND Pin=LS1-2A
Added Pin To Net: NetName=GND Pin=Q127-2
Added Pin To Net: NetName=GND Pin=U1-1
Added Net: Name=GND
Added Pin To Net: NetName=Netbutt_1 Pin=butt-1
Added Pin To Net: NetName=Netbutt_1 Pin=R1-2
Added Net: Name=Netbutt_1
Added Pin To Net: NetName=NetC1_1 Pin=C1-1
Added Pin To Net: NetName=NetC1_1 Pin=R3-2
Added Pin To Net: NetName=NetC1_1 Pin=U1-2
Added Pin To Net: NetName=NetC1_1 Pin=U1-6
Added Net: Name=NetC1_1
Added Pin To Net: NetName=NetD1_1 Pin=D1-1
Added Pin To Net: NetName=NetD1_1 Pin=R1-1
Added Net: Name=NetD1_1
Added Pin To Net: NetName=NetD1_2 Pin=D1-2
Added Pin To Net: NetName=NetD1_2 Pin=Q122-2
Added Pin To Net: NetName=NetD1_2 Pin=R2-1
Added Pin To Net: NetName=NetD1_2 Pin=U1-4
Added Pin To Net: NetName=NetD1_2 Pin=U1-8
Added Net: Name=NetD1_2
Added Pin To Net: NetName=NetLS1_1 Pin=LS1-1
Added Pin To Net: NetName=NetLS1_1 Pin=LS1-1A
Added Pin To Net: NetName=NetLS1_1 Pin=Q122-3
Added Pin To Net: NetName=NetLS1_1 Pin=Q127-3
Added Net: Name=NetLS1_1
Added Pin To Net: NetName=NetR2_2 Pin=R2-2
Added Pin To Net: NetName=NetR2_2 Pin=R3-1
Added Pin To Net: NetName=NetR2_2 Pin=U1-7
Added Net: Name=NetR2_2
Added Pin To Net: NetName=Q3 Pin=Q122-1
Added Pin To Net: NetName=Q3 Pin=Q127-1
Added Pin To Net: NetName=Q3 Pin=U1-3
Added Net: Name=Q3
Added Pin To Net: NetName=VCC Pin=butt-2
Added Pin To Net: NetName=VCC Pin=buttery-1
Added Net: Name=VCC
Added Class: Name=Sheet1
Added Room: Name=Sheet1
