Removed Pin From Net: NetName=VCC Pin=P4-1
Removed Pin From Net: NetName=GND Pin=P4-4
Removed Member From Class: ClassName=Sheet2 Member=P4
Added Component: Designator=D1(LED-0)
Added Component: Designator=P1(HDR1X2)
Added Component: Designator=P2(HDR1X2)
Added Pin To Net: NetName=VCC Pin=D1-1
Added Pin To Net: NetName=GND Pin=D1-2
Added Pin To Net: NetName=GND Pin=P1-2
Added Pin To Net: NetName=VCC Pin=P2-1
Change Net Name : Old Net Name=NetC3_2 New Net Name=Net_2
Change Net Name : Old Net Name=NetQ1_1 New Net Name=Net_1
Change Net Name : Old Net Name=VCC New Net Name=Net_3
Added Pin To Net: NetName=VCC Pin=P1-1
Added Pin To Net: NetName=VCC Pin=P2-2
Added Net: Name=VCC
Added Member To Class: ClassName=Sheet2 Member=Component D1 LED0
Added Member To Class: ClassName=Sheet2 Member=Component P1 Header 2
Added Member To Class: ClassName=Sheet2 Member=Component P2 Header 2
Added Member To Class: ClassName=Sheet2 Member=Component  2N3904
Added Room: Name=Sheet2
